<?xml version="1.0" encoding="UTF-8"?>
<!-- Generated by org.testng.reporters.JUnitXMLReporter -->
<testsuite ignored="0" hostname="DESKTOP-ACPQAES" failures="2" tests="6" name="parameterTest" time="43.723" errors="0" timestamp="2025-03-24T11:28:48 IST">
  <testcase classname="testscript.LoginPageTest" name="verifyUsercanloginWithINValidUsernames" time="2.098">
    <failure type="java.lang.AssertionError" message="expected [Dashboard | 7rmart supermarket] but found [Login | 7rmart supermarket]">
      <![CDATA[java.lang.AssertionError: expected [Dashboard | 7rmart supermarket] but found [Login | 7rmart supermarket]
at testscript.LoginPageTest.verifyUsercanloginWithINValidUsernames(LoginPageTest.java:60)
at java.base/java.util.ArrayList.forEach(ArrayList.java:1597)
... Removed 30 stack frames]]>
    </failure>
  </testcase> <!-- verifyUsercanloginWithINValidUsernames -->
  <testcase classname="testscript.LoginPageTest" name="verifyUsercanloginWithInValidCredentials" time="1.371">
    <failure type="java.lang.AssertionError" message="expected [Dashbord | 7mart supermarket] but found [Login | 7rmart supermarket]">
      <![CDATA[java.lang.AssertionError: expected [Dashbord | 7mart supermarket] but found [Login | 7rmart supermarket]
at testscript.LoginPageTest.verifyUsercanloginWithInValidCredentials(LoginPageTest.java:25)
at java.base/java.util.ArrayList.forEach(ArrayList.java:1597)
... Removed 30 stack frames]]>
    </failure>
  </testcase> <!-- verifyUsercanloginWithInValidCredentials -->
  <testcase classname="testscript.LoginPageTest" name="verifyUsercanloginWithInvalidCredentials" time="1.469"/>
  <testcase classname="testscript.LoginPageTest" name="verifyUsercanloginWithInvalidCredentials" time="2.165"/>
  <testcase classname="testscript.LoginPageTest" name="verifyUsercanloginWithInvalidCredentials" time="3.711"/>
  <testcase classname="testscript.LoginPageTest" name="verifyUsercanloginWithValidPassword" time="3.005"/>
</testsuite> <!-- parameterTest -->
