<?xml version="1.0" encoding="UTF-8"?>
<!-- Generated by org.testng.reporters.JUnitXMLReporter -->
<testsuite ignored="2" hostname="DESKTOP-ACPQAES" failures="1" tests="4" name="GroupingTest" time="12.366" errors="0" timestamp="2025-04-02T17:42:44 IST">
  <testcase classname="testscript.LoginPageTest" name="verifyUsercanloginWithInValidCredentials" time="1.491">
    <skipped/>
  </testcase> <!-- verifyUsercanloginWithInValidCredentials -->
  <testcase classname="testscript.LoginPageTest" name="verifyUsercanloginWithInValidCredentials" time="0.385">
    <skipped/>
  </testcase> <!-- verifyUsercanloginWithInValidCredentials -->
  <testcase classname="testscript.LoginPageTest" name="verifyUsercanloginWithInValidCredentials" time="0.759">
    <failure type="java.lang.AssertionError" message="expected [Dashbord | 7mart supermarket] but found [Login | 7rmart supermarket]">
      <![CDATA[java.lang.AssertionError: expected [Dashbord | 7mart supermarket] but found [Login | 7rmart supermarket]
at testscript.LoginPageTest.verifyUsercanloginWithInValidCredentials(LoginPageTest.java:25)
at java.base/java.util.ArrayList.forEach(ArrayList.java:1511)
... Removed 36 stack frames]]>
    </failure>
  </testcase> <!-- verifyUsercanloginWithInValidCredentials -->
  <testcase classname="testscript.LoginPageTest" name="verifyUsercanloginWithValidPassword" time="1.041"/>
  <testcase classname="testscript.LoginPageTest" name="verifyUsercanloginWithINValidUsernames" time="0.0">
    <ignored/>
  </testcase> <!-- verifyUsercanloginWithINValidUsernames -->
  <testcase classname="testscript.LoginPageTest" name="verifyUsercanloginWithInvalidCredentials" time="0.0">
    <ignored/>
  </testcase> <!-- verifyUsercanloginWithInvalidCredentials -->
</testsuite> <!-- GroupingTest -->
