<?xml version="1.0" encoding="UTF-8"?>
<!-- Generated by org.testng.reporters.JUnitXMLReporter -->
<testsuite ignored="2" hostname="DESKTOP-ACPQAES" failures="1" tests="4" name="GroupingTest" time="30.123" errors="0" timestamp="2025-04-01T10:55:38 IST">
  <testcase classname="testscript.LoginPageTest" name="verifyUsercanloginWithInValidCredentials" time="5.077">
    <skipped/>
  </testcase> <!-- verifyUsercanloginWithInValidCredentials -->
  <testcase classname="testscript.LoginPageTest" name="verifyUsercanloginWithInValidCredentials" time="1.481">
    <skipped/>
  </testcase> <!-- verifyUsercanloginWithInValidCredentials -->
  <testcase classname="testscript.LoginPageTest" name="verifyUsercanloginWithInValidCredentials" time="1.867">
    <failure type="java.lang.AssertionError" message="expected [Dashbord | 7mart supermarket] but found [Login | 7rmart supermarket]">
      <![CDATA[java.lang.AssertionError: expected [Dashbord | 7mart supermarket] but found [Login | 7rmart supermarket]
at testscript.LoginPageTest.verifyUsercanloginWithInValidCredentials(LoginPageTest.java:25)
at java.base/java.util.ArrayList.forEach(ArrayList.java:1597)
... Removed 30 stack frames]]>
    </failure>
  </testcase> <!-- verifyUsercanloginWithInValidCredentials -->
  <testcase classname="testscript.LoginPageTest" name="verifyUsercanloginWithValidPassword" time="2.094"/>
  <testcase classname="testscript.LoginPageTest" name="verifyUsercanloginWithInvalidCredentials" time="0.0">
    <ignored/>
  </testcase> <!-- verifyUsercanloginWithInvalidCredentials -->
  <testcase classname="testscript.LoginPageTest" name="verifyUsercanloginWithINValidUsernames" time="0.0">
    <ignored/>
  </testcase> <!-- verifyUsercanloginWithINValidUsernames -->
</testsuite> <!-- GroupingTest -->
